2024-05-14 00:13:31,886 - New items detected: ['New folder']
2024-05-14 00:13:37,062 - New items detected: ['.\\file_info.csv', 'New folder\\wacky_penguin_hpot.jpg']
2024-05-14 00:46:52,071 - New items detected: ['New folder (2)']
2024-05-14 00:46:57,197 - New items detected: ['.\\file_info.csv', 'New folder (2)\\whimsical_robot_hpot.jpg']
2024-05-14 01:07:03,661 - New items detected: ['New folder']
2024-05-14 01:07:08,818 - New items detected: ['.\\file_info.csv', 'New folder\\crazy_pickle_hpot.jpg']
2024-05-14 01:08:39,856 - New items detected: ['New folder (2)']
2024-05-14 01:08:44,963 - New items detected: ['.\\file_info.csv', 'New folder (2)\\whimsical_squirrel_hpot.jpg']
2024-05-14 01:10:21,013 - New items detected: ['New folder (3)']
2024-05-14 01:10:26,068 - New items detected: ['New folder (3)\\wacky_penguin_hpot.jpg']
2024-05-14 01:10:50,729 - Deleted items detected: ['New folder', 'New folder (2)', 'New folder (3)']
2024-05-14 01:11:06,454 - New items detected: ['New folder']
2024-05-14 01:11:11,544 - New items detected: ['.\\file_info.csv', 'New folder\\crazy_unicorn_hpot.jpg']
2024-05-14 01:12:05,594 - New items detected: ['New folder (3)']
2024-05-14 01:12:10,669 - New items detected: ['.\\file_info.csv', 'New folder (3)\\goofy_squirrel_hpot.jpg']
2024-05-14 01:15:58,860 - New items detected: ['New folder']
2024-05-14 01:16:03,963 - New items detected: ['.\\file_info.csv', 'New folder\\crazy_squirrel_hpot.jpg']
2024-05-14 19:57:44,515 - New items detected: ['New folder (2)']
2024-05-14 19:57:49,784 - New items detected: ['.\\file_info.csv', 'New folder (2)\\funny_robot_hpot.jpg']
2024-05-14 19:58:04,918 - New items detected: ['New folder (2)\\~unny_robot_hpot.tmp']
2024-05-14 19:58:09,960 - Deleted items detected: ['New folder (2)\\~unny_robot_hpot.tmp']
